2022-01-11 15:24:39,231 INFO o.a.j.u.JMeterUtils: Setting Locale to en_EN
2022-01-11 15:24:39,254 INFO o.a.j.JMeter: Loading user properties from: /home/martim/ASCN-TP/deploy-k8s/jmeter/apache-jmeter-5.4.1/bin/user.properties
2022-01-11 15:24:39,254 INFO o.a.j.JMeter: Loading system properties from: /home/martim/ASCN-TP/deploy-k8s/jmeter/apache-jmeter-5.4.1/bin/system.properties
2022-01-11 15:24:39,260 INFO o.a.j.JMeter: Copyright (c) 1998-2021 The Apache Software Foundation
2022-01-11 15:24:39,260 INFO o.a.j.JMeter: Version 5.4.1
2022-01-11 15:24:39,261 INFO o.a.j.JMeter: java.version=17.0.1
2022-01-11 15:24:39,261 INFO o.a.j.JMeter: java.vm.name=OpenJDK 64-Bit Server VM
2022-01-11 15:24:39,261 INFO o.a.j.JMeter: os.name=Linux
2022-01-11 15:24:39,261 INFO o.a.j.JMeter: os.arch=amd64
2022-01-11 15:24:39,261 INFO o.a.j.JMeter: os.version=5.10.90-1-lts
2022-01-11 15:24:39,261 INFO o.a.j.JMeter: file.encoding=UTF-8
2022-01-11 15:24:39,261 INFO o.a.j.JMeter: java.awt.headless=true
2022-01-11 15:24:39,261 INFO o.a.j.JMeter: Max memory     =1073741824
2022-01-11 15:24:39,261 INFO o.a.j.JMeter: Available Processors =12
2022-01-11 15:24:39,273 INFO o.a.j.JMeter: Default Locale=English (EN)
2022-01-11 15:24:39,273 INFO o.a.j.JMeter: JMeter  Locale=English (EN)
2022-01-11 15:24:39,273 INFO o.a.j.JMeter: JMeterHome=/home/martim/ASCN-TP/deploy-k8s/jmeter/apache-jmeter-5.4.1
2022-01-11 15:24:39,273 INFO o.a.j.JMeter: user.dir  =/home/martim/ASCN-TP/deploy-k8s/jmeter/login_see_home_logout
2022-01-11 15:24:39,273 INFO o.a.j.JMeter: PWD       =/home/martim/ASCN-TP/deploy-k8s/jmeter/login_see_home_logout
2022-01-11 15:24:39,274 INFO o.a.j.JMeter: IP: 127.0.1.1 Name: heliosphan FullName: heliosphan
2022-01-11 15:24:39,285 INFO o.a.j.s.FileServer: Default base='/home/martim/ASCN-TP/deploy-k8s/jmeter/login_see_home_logout'
2022-01-11 15:24:39,286 INFO o.a.j.s.FileServer: Set new base='/home/martim/ASCN-TP/deploy-k8s/jmeter/login_see_home_logout'
2022-01-11 15:24:39,415 INFO o.a.j.s.SaveService: Testplan (JMX) version: 2.2. Testlog (JTL) version: 2.2
2022-01-11 15:24:39,436 INFO o.a.j.s.SaveService: Using SaveService properties version 5.0
2022-01-11 15:24:39,439 INFO o.a.j.s.SaveService: Using SaveService properties file encoding UTF-8
2022-01-11 15:24:39,441 INFO o.a.j.s.SaveService: Loading file: login_see_home_logout.jmx
2022-01-11 15:24:39,464 INFO o.a.j.p.h.c.CookieManager: Settings: Delete null: true Check: true Allow variable: true Save: false Prefix: COOKIE_
2022-01-11 15:24:39,478 INFO o.a.j.p.h.s.HTTPSamplerBase: Parser for text/html is org.apache.jmeter.protocol.http.parser.LagartoBasedHtmlParser
2022-01-11 15:24:39,478 INFO o.a.j.p.h.s.HTTPSamplerBase: Parser for application/xhtml+xml is org.apache.jmeter.protocol.http.parser.LagartoBasedHtmlParser
2022-01-11 15:24:39,478 INFO o.a.j.p.h.s.HTTPSamplerBase: Parser for application/xml is org.apache.jmeter.protocol.http.parser.LagartoBasedHtmlParser
2022-01-11 15:24:39,478 INFO o.a.j.p.h.s.HTTPSamplerBase: Parser for text/xml is org.apache.jmeter.protocol.http.parser.LagartoBasedHtmlParser
2022-01-11 15:24:39,479 INFO o.a.j.p.h.s.HTTPSamplerBase: Parser for text/vnd.wap.wml is org.apache.jmeter.protocol.http.parser.RegexpHTMLParser
2022-01-11 15:24:39,479 INFO o.a.j.p.h.s.HTTPSamplerBase: Parser for text/css is org.apache.jmeter.protocol.http.parser.CssParser
2022-01-11 15:24:39,736 INFO o.a.j.e.KeyToolUtils: keytool found at 'keytool'
2022-01-11 15:24:39,736 INFO o.a.j.p.h.p.ProxyControl: HTTP(S) Test Script Recorder SSL Proxy will use keys that support embedded 3rd party resources in file /home/martim/ASCN-TP/deploy-k8s/jmeter/apache-jmeter-5.4.1/bin/proxyserver.jks
2022-01-11 15:24:39,752 INFO o.a.j.JMeter: Creating summariser <summary>
2022-01-11 15:24:39,757 INFO o.a.j.e.StandardJMeterEngine: Running the test!
2022-01-11 15:24:39,758 INFO o.a.j.s.SampleEvent: List of sample_variables: []
2022-01-11 15:24:39,758 INFO o.a.j.s.SampleEvent: List of sample_variables: []
2022-01-11 15:24:39,762 INFO o.a.j.e.u.CompoundVariable: Note: Function class names must contain the string: '.functions.'
2022-01-11 15:24:39,762 INFO o.a.j.e.u.CompoundVariable: Note: Function class names must not contain the string: '.gui.'
2022-01-11 15:24:39,824 INFO o.a.j.JMeter: Running test (1641914679824)
2022-01-11 15:24:39,835 INFO o.a.j.e.StandardJMeterEngine: Starting ThreadGroup: 1 : Thread Group
2022-01-11 15:24:39,835 INFO o.a.j.e.StandardJMeterEngine: Starting 5 threads for group Thread Group.
2022-01-11 15:24:39,835 INFO o.a.j.e.StandardJMeterEngine: Thread will continue on error
2022-01-11 15:24:39,836 INFO o.a.j.t.ThreadGroup: Starting thread group... number=1 threads=5 ramp-up=1 delayedStart=false
2022-01-11 15:24:39,842 INFO o.a.j.s.SampleResult: Note: Sample TimeStamps are START times
2022-01-11 15:24:39,842 INFO o.a.j.s.SampleResult: sampleresult.default.encoding is set to ISO-8859-1
2022-01-11 15:24:39,842 INFO o.a.j.s.SampleResult: sampleresult.useNanoTime=true
2022-01-11 15:24:39,842 INFO o.a.j.s.SampleResult: sampleresult.nanoThreadSleep=5000
2022-01-11 15:24:39,844 INFO o.a.j.t.JMeterThread: Thread started: Thread Group 1-1
2022-01-11 15:24:39,845 INFO o.a.j.t.ThreadGroup: Started thread group number 1
2022-01-11 15:24:39,845 INFO o.a.j.e.StandardJMeterEngine: All thread groups have been started
2022-01-11 15:24:39,855 INFO o.a.j.p.h.s.HTTPHCAbstractImpl: Local host = heliosphan
2022-01-11 15:24:39,858 INFO o.a.j.p.h.s.HTTPHC4Impl: HTTP request retry count = 0
2022-01-11 15:24:40,040 INFO o.a.j.t.JMeterThread: Thread started: Thread Group 1-2
2022-01-11 15:24:40,239 INFO o.a.j.t.JMeterThread: Thread started: Thread Group 1-3
2022-01-11 15:24:40,439 INFO o.a.j.t.JMeterThread: Thread started: Thread Group 1-4
2022-01-11 15:24:40,638 INFO o.a.j.t.JMeterThread: Thread started: Thread Group 1-5
2022-01-11 15:25:00,045 INFO o.a.j.r.Summariser: summary +    471 in 00:00:20 =   23.3/s Avg:   208 Min:    42 Max:  1450 Err:     0 (0.00%) Active: 5 Started: 5 Finished: 0
2022-01-11 15:25:26,030 INFO o.a.j.t.JMeterThread: Thread is done: Thread Group 1-4
2022-01-11 15:25:26,031 INFO o.a.j.t.JMeterThread: Thread finished: Thread Group 1-4
2022-01-11 15:25:27,246 INFO o.a.j.t.JMeterThread: Thread is done: Thread Group 1-3
2022-01-11 15:25:27,246 INFO o.a.j.t.JMeterThread: Thread finished: Thread Group 1-3
2022-01-11 15:25:27,725 INFO o.a.j.t.JMeterThread: Thread is done: Thread Group 1-5
2022-01-11 15:25:27,725 INFO o.a.j.t.JMeterThread: Thread finished: Thread Group 1-5
2022-01-11 15:25:27,849 INFO o.a.j.t.JMeterThread: Thread is done: Thread Group 1-1
2022-01-11 15:25:27,849 INFO o.a.j.t.JMeterThread: Thread finished: Thread Group 1-1
2022-01-11 15:25:27,871 INFO o.a.j.t.JMeterThread: Thread is done: Thread Group 1-2
2022-01-11 15:25:27,871 INFO o.a.j.t.JMeterThread: Thread finished: Thread Group 1-2
2022-01-11 15:25:27,872 INFO o.a.j.e.StandardJMeterEngine: Notifying test listeners of end of test
2022-01-11 15:25:27,874 INFO o.a.j.r.Summariser: summary +   1229 in 00:00:28 =   44.2/s Avg:   110 Min:    40 Max:   426 Err:     0 (0.00%) Active: 0 Started: 5 Finished: 5
2022-01-11 15:25:27,875 INFO o.a.j.r.Summariser: summary =   1700 in 00:00:48 =   35.4/s Avg:   137 Min:    40 Max:  1450 Err:     0 (0.00%)
