2022-01-11 15:32:48,561 INFO o.a.j.u.JMeterUtils: Setting Locale to en_EN
2022-01-11 15:32:48,587 INFO o.a.j.JMeter: Loading user properties from: /home/martim/ASCN-TP/deploy-k8s/jmeter/apache-jmeter-5.4.1/bin/user.properties
2022-01-11 15:32:48,587 INFO o.a.j.JMeter: Loading system properties from: /home/martim/ASCN-TP/deploy-k8s/jmeter/apache-jmeter-5.4.1/bin/system.properties
2022-01-11 15:32:48,596 INFO o.a.j.JMeter: Copyright (c) 1998-2021 The Apache Software Foundation
2022-01-11 15:32:48,597 INFO o.a.j.JMeter: Version 5.4.1
2022-01-11 15:32:48,597 INFO o.a.j.JMeter: java.version=17.0.1
2022-01-11 15:32:48,597 INFO o.a.j.JMeter: java.vm.name=OpenJDK 64-Bit Server VM
2022-01-11 15:32:48,597 INFO o.a.j.JMeter: os.name=Linux
2022-01-11 15:32:48,597 INFO o.a.j.JMeter: os.arch=amd64
2022-01-11 15:32:48,597 INFO o.a.j.JMeter: os.version=5.10.90-1-lts
2022-01-11 15:32:48,598 INFO o.a.j.JMeter: file.encoding=UTF-8
2022-01-11 15:32:48,598 INFO o.a.j.JMeter: java.awt.headless=true
2022-01-11 15:32:48,598 INFO o.a.j.JMeter: Max memory     =1073741824
2022-01-11 15:32:48,598 INFO o.a.j.JMeter: Available Processors =12
2022-01-11 15:32:48,615 INFO o.a.j.JMeter: Default Locale=English (EN)
2022-01-11 15:32:48,616 INFO o.a.j.JMeter: JMeter  Locale=English (EN)
2022-01-11 15:32:48,616 INFO o.a.j.JMeter: JMeterHome=/home/martim/ASCN-TP/deploy-k8s/jmeter/apache-jmeter-5.4.1
2022-01-11 15:32:48,616 INFO o.a.j.JMeter: user.dir  =/home/martim/ASCN-TP/deploy-k8s/jmeter/create_page
2022-01-11 15:32:48,616 INFO o.a.j.JMeter: PWD       =/home/martim/ASCN-TP/deploy-k8s/jmeter/create_page
2022-01-11 15:32:48,617 INFO o.a.j.JMeter: IP: 127.0.1.1 Name: heliosphan FullName: heliosphan
2022-01-11 15:32:48,630 INFO o.a.j.s.FileServer: Default base='/home/martim/ASCN-TP/deploy-k8s/jmeter/create_page'
2022-01-11 15:32:48,631 INFO o.a.j.s.FileServer: Set new base='/home/martim/ASCN-TP/deploy-k8s/jmeter/create_page'
2022-01-11 15:32:48,810 INFO o.a.j.s.SaveService: Testplan (JMX) version: 2.2. Testlog (JTL) version: 2.2
2022-01-11 15:32:48,830 INFO o.a.j.s.SaveService: Using SaveService properties version 5.0
2022-01-11 15:32:48,832 INFO o.a.j.s.SaveService: Using SaveService properties file encoding UTF-8
2022-01-11 15:32:48,835 INFO o.a.j.s.SaveService: Loading file: create_page.jmx
2022-01-11 15:32:48,868 INFO o.a.j.p.h.c.CookieManager: Settings: Delete null: true Check: true Allow variable: true Save: false Prefix: COOKIE_
2022-01-11 15:32:48,887 INFO o.a.j.p.h.s.HTTPSamplerBase: Parser for text/html is org.apache.jmeter.protocol.http.parser.LagartoBasedHtmlParser
2022-01-11 15:32:48,887 INFO o.a.j.p.h.s.HTTPSamplerBase: Parser for application/xhtml+xml is org.apache.jmeter.protocol.http.parser.LagartoBasedHtmlParser
2022-01-11 15:32:48,887 INFO o.a.j.p.h.s.HTTPSamplerBase: Parser for application/xml is org.apache.jmeter.protocol.http.parser.LagartoBasedHtmlParser
2022-01-11 15:32:48,888 INFO o.a.j.p.h.s.HTTPSamplerBase: Parser for text/xml is org.apache.jmeter.protocol.http.parser.LagartoBasedHtmlParser
2022-01-11 15:32:48,888 INFO o.a.j.p.h.s.HTTPSamplerBase: Parser for text/vnd.wap.wml is org.apache.jmeter.protocol.http.parser.RegexpHTMLParser
2022-01-11 15:32:48,888 INFO o.a.j.p.h.s.HTTPSamplerBase: Parser for text/css is org.apache.jmeter.protocol.http.parser.CssParser
2022-01-11 15:32:49,131 INFO o.a.j.e.KeyToolUtils: keytool found at 'keytool'
2022-01-11 15:32:49,131 INFO o.a.j.p.h.p.ProxyControl: HTTP(S) Test Script Recorder SSL Proxy will use keys that support embedded 3rd party resources in file /home/martim/ASCN-TP/deploy-k8s/jmeter/apache-jmeter-5.4.1/bin/proxyserver.jks
2022-01-11 15:32:49,143 INFO o.a.j.JMeter: Creating summariser <summary>
2022-01-11 15:32:49,147 INFO o.a.j.e.StandardJMeterEngine: Running the test!
2022-01-11 15:32:49,147 INFO o.a.j.s.SampleEvent: List of sample_variables: []
2022-01-11 15:32:49,147 INFO o.a.j.s.SampleEvent: List of sample_variables: []
2022-01-11 15:32:49,150 INFO o.a.j.e.u.CompoundVariable: Note: Function class names must contain the string: '.functions.'
2022-01-11 15:32:49,151 INFO o.a.j.e.u.CompoundVariable: Note: Function class names must not contain the string: '.gui.'
2022-01-11 15:32:49,249 INFO o.a.j.JMeter: Running test (1641915169249)
2022-01-11 15:32:49,267 INFO o.a.j.e.StandardJMeterEngine: Starting ThreadGroup: 1 : Thread Group
2022-01-11 15:32:49,267 INFO o.a.j.e.StandardJMeterEngine: Starting 5 threads for group Thread Group.
2022-01-11 15:32:49,267 INFO o.a.j.e.StandardJMeterEngine: Thread will continue on error
2022-01-11 15:32:49,267 INFO o.a.j.t.ThreadGroup: Starting thread group... number=1 threads=5 ramp-up=1 delayedStart=false
2022-01-11 15:32:49,279 INFO o.a.j.s.SampleResult: Note: Sample TimeStamps are START times
2022-01-11 15:32:49,279 INFO o.a.j.s.SampleResult: sampleresult.default.encoding is set to ISO-8859-1
2022-01-11 15:32:49,279 INFO o.a.j.s.SampleResult: sampleresult.useNanoTime=true
2022-01-11 15:32:49,279 INFO o.a.j.s.SampleResult: sampleresult.nanoThreadSleep=5000
2022-01-11 15:32:49,284 INFO o.a.j.t.JMeterThread: Thread started: Thread Group 1-1
2022-01-11 15:32:49,288 INFO o.a.j.t.ThreadGroup: Started thread group number 1
2022-01-11 15:32:49,288 INFO o.a.j.e.StandardJMeterEngine: All thread groups have been started
2022-01-11 15:32:49,304 INFO o.a.j.p.h.s.HTTPHCAbstractImpl: Local host = heliosphan
2022-01-11 15:32:49,309 INFO o.a.j.p.h.s.HTTPHC4Impl: HTTP request retry count = 0
2022-01-11 15:32:49,478 INFO o.a.j.t.JMeterThread: Thread started: Thread Group 1-2
2022-01-11 15:32:49,675 INFO o.a.j.t.JMeterThread: Thread started: Thread Group 1-3
2022-01-11 15:32:49,875 INFO o.a.j.t.JMeterThread: Thread started: Thread Group 1-4
2022-01-11 15:32:50,073 INFO o.a.j.t.JMeterThread: Thread started: Thread Group 1-5
2022-01-11 15:33:00,041 INFO o.a.j.r.Summariser: summary +    199 in 00:00:11 =   18.4/s Avg:   228 Min:    40 Max:  1487 Err:     4 (2.01%) Active: 5 Started: 5 Finished: 0
2022-01-11 15:33:30,032 INFO o.a.j.r.Summariser: summary +   1285 in 00:00:30 =   42.8/s Avg:   120 Min:    38 Max:  6241 Err:     0 (0.00%) Active: 5 Started: 5 Finished: 0
2022-01-11 15:33:30,033 INFO o.a.j.r.Summariser: summary =   1484 in 00:00:41 =   36.4/s Avg:   135 Min:    38 Max:  6241 Err:     4 (0.27%)
2022-01-11 15:34:00,013 INFO o.a.j.r.Summariser: summary +   1237 in 00:00:30 =   41.3/s Avg:   120 Min:    39 Max:  1032 Err:     0 (0.00%) Active: 5 Started: 5 Finished: 0
2022-01-11 15:34:00,014 INFO o.a.j.r.Summariser: summary =   2721 in 00:01:11 =   38.5/s Avg:   128 Min:    38 Max:  6241 Err:     4 (0.15%)
2022-01-11 15:34:06,789 INFO o.a.j.t.JMeterThread: Thread is done: Thread Group 1-4
2022-01-11 15:34:06,789 INFO o.a.j.t.JMeterThread: Thread finished: Thread Group 1-4
2022-01-11 15:34:07,899 INFO o.a.j.t.JMeterThread: Thread is done: Thread Group 1-5
2022-01-11 15:34:07,899 INFO o.a.j.t.JMeterThread: Thread finished: Thread Group 1-5
2022-01-11 15:34:07,935 INFO o.a.j.t.JMeterThread: Thread is done: Thread Group 1-3
2022-01-11 15:34:07,936 INFO o.a.j.t.JMeterThread: Thread finished: Thread Group 1-3
2022-01-11 15:34:08,256 INFO o.a.j.t.JMeterThread: Thread is done: Thread Group 1-2
2022-01-11 15:34:08,257 INFO o.a.j.t.JMeterThread: Thread finished: Thread Group 1-2
2022-01-11 15:34:10,669 INFO o.a.j.t.JMeterThread: Thread is done: Thread Group 1-1
2022-01-11 15:34:10,669 INFO o.a.j.t.JMeterThread: Thread finished: Thread Group 1-1
2022-01-11 15:34:10,670 INFO o.a.j.e.StandardJMeterEngine: Notifying test listeners of end of test
2022-01-11 15:34:10,672 INFO o.a.j.r.Summariser: summary +    379 in 00:00:11 =   35.6/s Avg:   109 Min:    39 Max:   558 Err:     0 (0.00%) Active: 0 Started: 5 Finished: 5
2022-01-11 15:34:10,673 INFO o.a.j.r.Summariser: summary =   3100 in 00:01:21 =   38.1/s Avg:   126 Min:    38 Max:  6241 Err:     4 (0.13%)
